Found a stored user info, but it is no longer valid.
Permissions were validated successfully.
stderr: 'rm' is not recognized as an internal or external command,
operable program or batch file.

[ Warn ] $Converting Assets/Sprites/icon_clock.png texture. Change its format from ETC2_RGBA8Crunched to "RGBA 32 bit" to speed up export
[ Warn ] $Converting Assets/Sprites/Victory_1.png texture. Change its format from ETC2_RGBA8 to "RGBA 32 bit" to speed up export
[ Warn ] $Converting Assets/Sprites/Base_Button.png texture. Change its format from ETC2_RGBA8 to "RGBA 32 bit" to speed up export
[ Warn ] $Converting Assets/Sprites/Background.png texture. Change its format from ETC2_RGBA8 to "RGBA 32 bit" to speed up export
[ Warn ] $Converting Assets/Sprites/FingerUp.png texture. Change its format from ETC2_RGBA8Crunched to "RGBA 32 bit" to speed up export
[ Warn ] $Converting Assets/Sprites/FingerDown.png texture. Change its format from ETC2_RGBA8Crunched to "RGBA 32 bit" to speed up export
[ Warn ] $Navigate to the Code > Runtime Analysis tab and hit "Start Analysis"
Exporting assets from Unity...............
[ Stage1 ] Assets exported from Unity and staged for further processing
Using D:/Projects/GitHub/Color-Hoop-Playable-Ad/Assets/Fonts/arlrdbd.ttf file to generate an atlas for arlrdbd[16168] font
  Using alphabet  §1234567890-=qwertyuiop[]asdfghjkl;'\`zxcvbnm,./±!@#$%^&*()_+QWERTYUIOP{}ASDFGHJKL:"|~ZXCVBNM<>?
Using D:/Projects/GitHub/Color-Hoop-Playable-Ad/Assets/TextMesh Pro/Fonts/LiberationSans.ttf file to generate an atlas for LiberationSans[16288] font
  Using alphabet  §1234567890-=qwertyuiop[]asdfghjkl;'\`zxcvbnm,./±!@#$%^&*()_+QWERTYUIOP{}ASDFGHJKL:"|~ZXCVBNM<>?
Combined 97 glyphs into bitmap texture at D:/Projects/GitHub/Color-Hoop-Playable-Ad/LunaTemp/stage1/tmp/fonts/arlrdbd-16168/output_0.png (64kb)
Combined 97 glyphs into bitmap texture at D:/Projects/GitHub/Color-Hoop-Playable-Ad/LunaTemp/stage1/tmp/fonts/LiberationSans-16288/output_0.png (56kb)
Using C:/Windows/Fonts/arial.ttf file to generate an atlas for Arial[520] font
  Using alphabet  §1234567890-=qwertyuiop[]asdfghjkl;'\`zxcvbnm,./±!@#$%^&*()_+QWERTYUIOP{}ASDFGHJKL:"|~ZXCVBNM<>?
Combined 97 glyphs into bitmap texture at D:/Projects/GitHub/Color-Hoop-Playable-Ad/LunaTemp/stage1/tmp/fonts/Arial-520/output_0.png (59kb)
Resources:
{}
[ Stage2 ] Assets postprocessed and bundled successfully
Microsoft (R) Build Engine version 16.11.2+f32259642 for .NET Framework
Copyright (C) Microsoft Corporation. All rights reserved.


Build started 11/26/2021 9:26:19 AM.

Project "D:\Luna\pipeline\templates\LunaCompiler\Scripts\Scripts.csproj" on node 1 (Rebuild target(s)).

CoreClean:
  Deleting file "D:\Luna\pipeline\templates\LunaCompiler\Scripts\bin\Debug\UnityScriptsCompiler.dll".

  Deleting file "D:\Luna\pipeline\templates\LunaCompiler\Scripts\bin\Debug\UnityScriptsCompiler.pdb".

  Deleting file "D:\Luna\pipeline\templates\LunaCompiler\Scripts\bin\Debug\Bridge.dll".

  Deleting file "D:\Luna\pipeline\templates\LunaCompiler\Scripts\bin\Debug\Bridge.Html5.dll".

  Deleting file "D:\Luna\pipeline\templates\LunaCompiler\Scripts\bin\Debug\Bridge.WebGL.dll".

  Deleting file "D:\Luna\pipeline\templates\LunaCompiler\Scripts\bin\Debug\DOTween.dll".

  Deleting file "D:\Luna\pipeline\templates\LunaCompiler\Scripts\bin\Debug\Newtonsoft.Json.dll".

  Deleting file "D:\Luna\pipeline\templates\LunaCompiler\Scripts\bin\Debug\Retyped.Core.dll".

  Deleting file "D:\Luna\pipeline\templates\LunaCompiler\Scripts\bin\Debug\Retyped.dom.dll".

  Deleting file "D:\Luna\pipeline\templates\LunaCompiler\Scripts\bin\Debug\Retyped.es5.dll".

  Deleting file "D:\Luna\pipeline\templates\LunaCompiler\Scripts\bin\Debug\Retyped.scripthost.dll".

  Deleting file "D:\Luna\pipeline\templates\LunaCompiler\Scripts\bin\Debug\UnityEngine.dll".

  Deleting file "D:\Luna\pipeline\templates\LunaCompiler\Scripts\bin\Debug\UnityEngine.UI.dll".

  Deleting file "D:\Luna\pipeline\templates\LunaCompiler\Scripts\bin\Debug\Bridge.xml".

  Deleting file "D:\Luna\pipeline\templates\LunaCompiler\Scripts\bin\Debug\Bridge.Html5.xml".

  Deleting file "D:\Luna\pipeline\templates\LunaCompiler\Scripts\bin\Debug\Bridge.WebGL.xml".

  Deleting file "D:\Luna\pipeline\templates\LunaCompiler\Scripts\bin\Debug\Newtonsoft.Json.xml".

  Deleting file "D:\Luna\pipeline\templates\LunaCompiler\Scripts\bin\Debug\Retyped.Core.xml".

  Deleting file "D:\Luna\pipeline\templates\LunaCompiler\Scripts\bin\Debug\Retyped.dom.xml".

  Deleting file "D:\Luna\pipeline\templates\LunaCompiler\Scripts\bin\Debug\Retyped.es5.xml".

  Deleting file "D:\Luna\pipeline\templates\LunaCompiler\Scripts\bin\Debug\Retyped.scripthost.xml".

  Deleting file "D:\Luna\pipeline\templates\LunaCompiler\Scripts\bin\Debug\UnityEngine.UniversalRenderPipeline.dll".

  Deleting file "D:\Luna\pipeline\templates\LunaCompiler\Scripts\bin\Debug\TextMeshPro.dll".

  Deleting file "D:\Luna\pipeline\templates\LunaCompiler\Scripts\obj\Debug\Scripts.csproj.AssemblyReference.cache".

  Deleting file "D:\Luna\pipeline\templates\LunaCompiler\Scripts\obj\Debug\Scripts.csproj.CoreCompileInputs.cache".

  Deleting file "D:\Luna\pipeline\templates\LunaCompiler\Scripts\obj\Debug\Scripts.csproj.CopyComplete".

  Deleting file "D:\Luna\pipeline\templates\LunaCompiler\Scripts\obj\Debug\UnityScriptsCompiler.dll".

  Deleting file "D:\Luna\pipeline\templates\LunaCompiler\Scripts\obj\Debug\UnityScriptsCompiler.pdb".

GenerateTargetFrameworkMonikerAttribute:
Skipping target "GenerateTargetFrameworkMonikerAttribute" because all output files are up-to-date with respect to the input files.

CoreCompile:

  C:\Program Files (x86)\Microsoft Visual Studio\2019\Community\MSBuild\Current\Bin\Roslyn\csc.exe /noconfig /nowarn:CS0626,1701,1702 /fullpaths /nostdlib+ /errorreport:prompt /warn:4 /define:UNITY_LUNA;UNITY_BUPC;UNITY_5_3_OR_NEWER;UNITY_5_4_OR_NEWER;UNITY_5_5_OR_NEWER;UNITY_2017;UNITY_2018;UNITY_2019;UNITY_2020;UNITY_2017_1;UNITY_2017_2;UNITY_2017_3;UNITY_2017_4;UNITY_2018_1;UNITY_2018_2;UNITY_2018_3;UNITY_2018_4;UNITY_2019_1;UNITY_2019_2;UNITY_2019_3;UNITY_2019_4;UNITY_2020_1;UNITY_2020_2;UNITY_2020_3;UNITY_2017_1_OR_NEWER;UNITY_2017_2_OR_NEWER;UNITY_2017_3_OR_NEWER;UNITY_2017_4_OR_NEWER;UNITY_2018_1_OR_NEWER;UNITY_2018_2_OR_NEWER;UNITY_2018_3_OR_NEWER;UNITY_2018_4_OR_NEWER;UNITY_2019_1_OR_NEWER;UNITY_2019_2_OR_NEWER;UNITY_2019_3_OR_NEWER;UNITY_2019_4_OR_NEWER;UNITY_2020_1_OR_NEWER;UNITY_2020_2_OR_NEWER;UNITY_2020_3_OR_NEWER /highentropyva+ /reference:D:\Luna\pipeline\templates\LunaCompiler\packages\Bridge.Core.17.9.12-luna\lib\net40\Bridge.dll /reference:D:\Luna\pipeline\templates\LunaCompiler\packages\Bridge.Html5.17.9.0\lib\net40\Bridge.Html5.dll /reference:D:\Luna\pipeline\templates\LunaCompiler\packages\Bridge.WebGL.1.22.0\lib\net40\Bridge.WebGL.dll /reference:D:\Luna\pipeline\templates\LunaCompiler\packages\DOTween.1.2.235\lib\net40\DOTween.dll /reference:D:\Luna\pipeline\templates\LunaCompiler\packages\Bridge.Newtonsoft.Json.1.16.0\lib\net40\Newtonsoft.Json.dll /reference:D:\Luna\pipeline\templates\LunaCompiler\packages\Retyped.Core.1.6.6733\lib\net40\Retyped.Core.dll /reference:D:\Luna\pipeline\templates\LunaCompiler\packages\Retyped.dom.2.8.6733\lib\net40\Retyped.dom.dll /reference:D:\Luna\pipeline\templates\LunaCompiler\packages\Retyped.es5.2.8.6733\lib\net40\Retyped.es5.dll /reference:D:\Luna\pipeline\templates\LunaCompiler\packages\Retyped.scripthost.2.8.6733\lib\net40\Retyped.scripthost.dll /reference:D:\Luna\pipeline\templates\LunaCompiler\packages\com.unity.textmeshpro\3.0.0\TextMeshPro.dll /reference:D:\Luna\pipeline\templates\LunaCompiler\Scripts\Vendor\UnityEngine.dll /reference:D:\Luna\pipeline\templates\LunaCompiler\packages\com.unity.ui\1.2.1\UnityEngine.UI.dll /reference:D:\Luna\pipeline\templates\LunaCompiler\packages\com.unity.urp\7.6\UnityEngine.UniversalRenderPipeline.dll /debug+ /debug:full /optimize- /out:obj\Debug\UnityScriptsCompiler.dll /subsystemversion:6.00 /target:library /utf8output /langversion:7 D:\Projects\GitHub\Color-Hoop-Playable-Ad\Assets\Plugins\Demigiant\DOTween\Modules\DOTweenModuleAudio.cs D:\Projects\GitHub\Color-Hoop-Playable-Ad\Assets\Plugins\Demigiant\DOTween\Modules\DOTweenModulePhysics.cs D:\Projects\GitHub\Color-Hoop-Playable-Ad\Assets\Plugins\Demigiant\DOTween\Modules\DOTweenModulePhysics2D.cs D:\Projects\GitHub\Color-Hoop-Playable-Ad\Assets\Plugins\Demigiant\DOTween\Modules\DOTweenModuleSprite.cs D:\Projects\GitHub\Color-Hoop-Playable-Ad\Assets\Plugins\Demigiant\DOTween\Modules\DOTweenModuleUI.cs D:\Projects\GitHub\Color-Hoop-Playable-Ad\Assets\Plugins\Demigiant\DOTween\Modules\DOTweenModuleUnityVersion.cs D:\Projects\GitHub\Color-Hoop-Playable-Ad\Assets\Plugins\Demigiant\DOTween\Modules\DOTweenModuleUtils.cs D:\Projects\GitHub\Color-Hoop-Playable-Ad\Assets\Scripts\BackgroundFitCamera.cs D:\Projects\GitHub\Color-Hoop-Playable-Ad\Assets\Scripts\BackgroundHandler.cs D:\Projects\GitHub\Color-Hoop-Playable-Ad\Assets\Scripts\Constants.cs D:\Projects\GitHub\Color-Hoop-Playable-Ad\Assets\Scripts\CountDown.cs D:\Projects\GitHub\Color-Hoop-Playable-Ad\Assets\Scripts\CutoutMaskUI.cs D:\Projects\GitHub\Color-Hoop-Playable-Ad\Assets\Scripts\Database.cs D:\Projects\GitHub\Color-Hoop-Playable-Ad\Assets\Scripts\GameManager.cs D:\Projects\GitHub\Color-Hoop-Playable-Ad\Assets\Scripts\HopManager.cs D:\Projects\GitHub\Color-Hoop-Playable-Ad\Assets\Scripts\SimplePool.cs D:\Projects\GitHub\Color-Hoop-Playable-Ad\Assets\Scripts\SoundManager.cs D:\Projects\GitHub\Color-Hoop-Playable-Ad\Assets\Scripts\StickManager.cs D:\Projects\GitHub\Color-Hoop-Playable-Ad\Assets\Scripts\UIManager.cs D:\Projects\GitHub\Color-Hoop-Playable-Ad\Assets\Scripts\ViewPortHandler.cs Properties/AssemblyInfo.cs Sources/OtherDummyScript.cs "obj\Debug\.NETFramework,Version=v4.7.AssemblyAttributes.cs"

D:\Projects\GitHub\Color-Hoop-Playable-Ad\Assets\Scripts\ViewPortHandler.cs(5,23): warning CS0109: The member 'ViewPortHandler.camera' does not hide an accessible member. The new keyword is not required. [D:\Luna\pipeline\templates\LunaCompiler\Scripts\Scripts.csproj]

D:\Projects\GitHub\Color-Hoop-Playable-Ad\Assets\Scripts\UIManager.cs(14,33): warning CS0649: Field 'UIManager.guideHand2' is never assigned to, and will always have its default value null [D:\Luna\pipeline\templates\LunaCompiler\Scripts\Scripts.csproj]

D:\Projects\GitHub\Color-Hoop-Playable-Ad\Assets\Scripts\StickManager.cs(15,33): warning CS0649: Field 'StickManager.stick5' is never assigned to, and will always have its default value null [D:\Luna\pipeline\templates\LunaCompiler\Scripts\Scripts.csproj]
D:\Projects\GitHub\Color-Hoop-Playable-Ad\Assets\Scripts\UIManager.cs(13,33): warning CS0649: Field 'UIManager.guideHand1' is never assigned to, and will always have its default value null [D:\Luna\pipeline\templates\LunaCompiler\Scripts\Scripts.csproj]

D:\Projects\GitHub\Color-Hoop-Playable-Ad\Assets\Scripts\SoundManager.cs(9,36): warning CS0649: Field 'SoundManager.audios' is never assigned to, and will always have its default value null [D:\Luna\pipeline\templates\LunaCompiler\Scripts\Scripts.csproj]
D:\Projects\GitHub\Color-Hoop-Playable-Ad\Assets\Scripts\SoundManager.cs(13,32): warning CS0649: Field 'SoundManager.stickFinish' is never assigned to, and will always have its default value null [D:\Luna\pipeline\templates\LunaCompiler\Scripts\Scripts.csproj]

D:\Projects\GitHub\Color-Hoop-Playable-Ad\Assets\Scripts\SoundManager.cs(15,32): warning CS0649: Field 'SoundManager.button' is never assigned to, and will always have its default value null [D:\Luna\pipeline\templates\LunaCompiler\Scripts\Scripts.csproj]
D:\Projects\GitHub\Color-Hoop-Playable-Ad\Assets\Scripts\StickManager.cs(14,33): warning CS0649: Field 'StickManager.stick4' is never assigned to, and will always have its default value null [D:\Luna\pipeline\templates\LunaCompiler\Scripts\Scripts.csproj]

D:\Projects\GitHub\Color-Hoop-Playable-Ad\Assets\Scripts\SoundManager.cs(12,32): warning CS0649: Field 'SoundManager.hopSelect' is never assigned to, and will always have its default value null [D:\Luna\pipeline\templates\LunaCompiler\Scripts\Scripts.csproj]

D:\Projects\GitHub\Color-Hoop-Playable-Ad\Assets\Scripts\SoundManager.cs(14,32): warning CS0649: Field 'SoundManager.win' is never assigned to, and will always have its default value null [D:\Luna\pipeline\templates\LunaCompiler\Scripts\Scripts.csproj]
D:\Projects\GitHub\Color-Hoop-Playable-Ad\Assets\Scripts\SoundManager.cs(11,32): warning CS0649: Field 'SoundManager.hopDrop' is never assigned to, and will always have its default value null [D:\Luna\pipeline\templates\LunaCompiler\Scripts\Scripts.csproj]

D:\Projects\GitHub\Color-Hoop-Playable-Ad\Assets\Scripts\GameManager.cs(36,32): warning CS0649: Field 'GameManager.uiManager' is never assigned to, and will always have its default value null [D:\Luna\pipeline\templates\LunaCompiler\Scripts\Scripts.csproj]
D:\Projects\GitHub\Color-Hoop-Playable-Ad\Assets\Scripts\SoundManager.cs(10,32): warning CS0649: Field 'SoundManager.hopFly' is never assigned to, and will always have its default value null [D:\Luna\pipeline\templates\LunaCompiler\Scripts\Scripts.csproj]

D:\Projects\GitHub\Color-Hoop-Playable-Ad\Assets\Scripts\UIManager.cs(9,34): warning CS0649: Field 'UIManager.manager' is never assigned to, and will always have its default value null [D:\Luna\pipeline\templates\LunaCompiler\Scripts\Scripts.csproj]

D:\Projects\GitHub\Color-Hoop-Playable-Ad\Assets\Scripts\StickManager.cs(12,37): warning CS0649: Field 'StickManager.victoryEffect' is never assigned to, and will always have its default value null [D:\Luna\pipeline\templates\LunaCompiler\Scripts\Scripts.csproj]
D:\Projects\GitHub\Color-Hoop-Playable-Ad\Assets\Scripts\UIManager.cs(10,33): warning CS0649: Field 'UIManager.uiGetReward' is never assigned to, and will always have its default value null [D:\Luna\pipeline\templates\LunaCompiler\Scripts\Scripts.csproj]

D:\Projects\GitHub\Color-Hoop-Playable-Ad\Assets\Scripts\GameManager.cs(37,32): warning CS0649: Field 'GameManager.levelData' is never assigned to, and will always have its default value null [D:\Luna\pipeline\templates\LunaCompiler\Scripts\Scripts.csproj]

D:\Projects\GitHub\Color-Hoop-Playable-Ad\Assets\Scripts\CountDown.cs(7,32): warning CS0649: Field 'CountDown.uiManager' is never assigned to, and will always have its default value null [D:\Luna\pipeline\templates\LunaCompiler\Scripts\Scripts.csproj]

  CompilerServer: server - server processed compilation - 42000207-c7c9-4329-8b08-7a077aab8de9

_CopyFilesMarkedCopyLocal:
  Copying file from "D:\Luna\pipeline\templates\LunaCompiler\packages\Retyped.Core.1.6.6733\lib\net40\Retyped.Core.dll" to "D:\Luna\pipeline\templates\LunaCompiler\Scripts\bin\Debug\Retyped.Core.dll".

  Copying file from "D:\Luna\pipeline\templates\LunaCompiler\packages\DOTween.1.2.235\lib\net40\DOTween.dll" to "D:\Luna\pipeline\templates\LunaCompiler\Scripts\bin\Debug\DOTween.dll".

  Copying file from "D:\Luna\pipeline\templates\LunaCompiler\packages\Bridge.WebGL.1.22.0\lib\net40\Bridge.WebGL.dll" to "D:\Luna\pipeline\templates\LunaCompiler\Scripts\bin\Debug\Bridge.WebGL.dll".

  Copying file from "D:\Luna\pipeline\templates\LunaCompiler\packages\Bridge.Html5.17.9.0\lib\net40\Bridge.Html5.dll" to "D:\Luna\pipeline\templates\LunaCompiler\Scripts\bin\Debug\Bridge.Html5.dll".

  Copying file from "D:\Luna\pipeline\templates\LunaCompiler\packages\Bridge.Core.17.9.12-luna\lib\net40\Bridge.dll" to "D:\Luna\pipeline\templates\LunaCompiler\Scripts\bin\Debug\Bridge.dll".

  Copying file from "D:\Luna\pipeline\templates\LunaCompiler\packages\Bridge.Newtonsoft.Json.1.16.0\lib\net40\Newtonsoft.Json.dll" to "D:\Luna\pipeline\templates\LunaCompiler\Scripts\bin\Debug\Newtonsoft.Json.dll".

  Copying file from "D:\Luna\pipeline\templates\LunaCompiler\packages\Retyped.dom.2.8.6733\lib\net40\Retyped.dom.dll" to "D:\Luna\pipeline\templates\LunaCompiler\Scripts\bin\Debug\Retyped.dom.dll".

  Copying file from "D:\Luna\pipeline\templates\LunaCompiler\packages\Retyped.es5.2.8.6733\lib\net40\Retyped.es5.dll" to "D:\Luna\pipeline\templates\LunaCompiler\Scripts\bin\Debug\Retyped.es5.dll".

  Copying file from "D:\Luna\pipeline\templates\LunaCompiler\packages\Retyped.scripthost.2.8.6733\lib\net40\Retyped.scripthost.dll" to "D:\Luna\pipeline\templates\LunaCompiler\Scripts\bin\Debug\Retyped.scripthost.dll".

  Copying file from "D:\Luna\pipeline\templates\LunaCompiler\packages\com.unity.textmeshpro\3.0.0\TextMeshPro.dll" to "D:\Luna\pipeline\templates\LunaCompiler\Scripts\bin\Debug\TextMeshPro.dll".

  Copying file from "D:\Luna\pipeline\templates\LunaCompiler\Scripts\Vendor\UnityEngine.dll" to "D:\Luna\pipeline\templates\LunaCompiler\Scripts\bin\Debug\UnityEngine.dll".

  Copying file from "D:\Luna\pipeline\templates\LunaCompiler\packages\com.unity.ui\1.2.1\UnityEngine.UI.dll" to "D:\Luna\pipeline\templates\LunaCompiler\Scripts\bin\Debug\UnityEngine.UI.dll".

  Copying file from "D:\Luna\pipeline\templates\LunaCompiler\packages\com.unity.urp\7.6\UnityEngine.UniversalRenderPipeline.dll" to "D:\Luna\pipeline\templates\LunaCompiler\Scripts\bin\Debug\UnityEngine.UniversalRenderPipeline.dll".

  Copying file from "D:\Luna\pipeline\templates\LunaCompiler\packages\Bridge.Core.17.9.12-luna\lib\net40\Bridge.xml" to "D:\Luna\pipeline\templates\LunaCompiler\Scripts\bin\Debug\Bridge.xml".

  Copying file from "D:\Luna\pipeline\templates\LunaCompiler\packages\Bridge.Html5.17.9.0\lib\net40\Bridge.Html5.xml" to "D:\Luna\pipeline\templates\LunaCompiler\Scripts\bin\Debug\Bridge.Html5.xml".

  Copying file from "D:\Luna\pipeline\templates\LunaCompiler\packages\Bridge.WebGL.1.22.0\lib\net40\Bridge.WebGL.xml" to "D:\Luna\pipeline\templates\LunaCompiler\Scripts\bin\Debug\Bridge.WebGL.xml".

  Copying file from "D:\Luna\pipeline\templates\LunaCompiler\packages\Bridge.Newtonsoft.Json.1.16.0\lib\net40\Newtonsoft.Json.xml" to "D:\Luna\pipeline\templates\LunaCompiler\Scripts\bin\Debug\Newtonsoft.Json.xml".

  Copying file from "D:\Luna\pipeline\templates\LunaCompiler\packages\Retyped.Core.1.6.6733\lib\net40\Retyped.Core.xml" to "D:\Luna\pipeline\templates\LunaCompiler\Scripts\bin\Debug\Retyped.Core.xml".

  Copying file from "D:\Luna\pipeline\templates\LunaCompiler\packages\Retyped.dom.2.8.6733\lib\net40\Retyped.dom.xml" to "D:\Luna\pipeline\templates\LunaCompiler\Scripts\bin\Debug\Retyped.dom.xml".

  Copying file from "D:\Luna\pipeline\templates\LunaCompiler\packages\Retyped.es5.2.8.6733\lib\net40\Retyped.es5.xml" to "D:\Luna\pipeline\templates\LunaCompiler\Scripts\bin\Debug\Retyped.es5.xml".

  Copying file from "D:\Luna\pipeline\templates\LunaCompiler\packages\Retyped.scripthost.2.8.6733\lib\net40\Retyped.scripthost.xml" to "D:\Luna\pipeline\templates\LunaCompiler\Scripts\bin\Debug\Retyped.scripthost.xml".

  Creating "D:\Luna\pipeline\templates\LunaCompiler\Scripts\obj\Debug\Scripts.csproj.CopyComplete" because "AlwaysCreate" was specified.

CopyFilesToOutputDirectory:
  Copying file from "D:\Luna\pipeline\templates\LunaCompiler\Scripts\obj\Debug\UnityScriptsCompiler.dll" to "D:\Luna\pipeline\templates\LunaCompiler\Scripts\bin\Debug\UnityScriptsCompiler.dll".

  Scripts -> D:\Luna\pipeline\templates\LunaCompiler\Scripts\bin\Debug\UnityScriptsCompiler.dll

  Copying file from "D:\Luna\pipeline\templates\LunaCompiler\Scripts\obj\Debug\UnityScriptsCompiler.pdb" to "D:\Luna\pipeline\templates\LunaCompiler\Scripts\bin\Debug\UnityScriptsCompiler.pdb".

BridgeNetCompilerTask:
  Bridge started

      To enable detailed logging, configure "logging" in bridge.json.

      https://github.com/bridgedotnet/Bridge/wiki/global-configuration#logging

  Bridge done

Done Building Project "D:\Luna\pipeline\templates\LunaCompiler\Scripts\Scripts.csproj" (Rebuild target(s)).



Build succeeded.



"D:\Luna\pipeline\templates\LunaCompiler\Scripts\Scripts.csproj" (Rebuild target) (1) ->
(CoreCompile target) -> 

  D:\Projects\GitHub\Color-Hoop-Playable-Ad\Assets\Scripts\ViewPortHandler.cs(5,23): warning CS0109: The member 'ViewPortHandler.camera' does not hide an accessible member. The new keyword is not required. [D:\Luna\pipeline\templates\LunaCompiler\Scripts\Scripts.csproj]
  D:\Projects\GitHub\Color-Hoop-Playable-Ad\Assets\Scripts\UIManager.cs(14,33): warning CS0649: Field 'UIManager.guideHand2' is never assigned to, and will always have its default value null [D:\Luna\pipeline\templates\LunaCompiler\Scripts\Scripts.csproj]
  D:\Projects\GitHub\Color-Hoop-Playable-Ad\Assets\Scripts\StickManager.cs(15,33): warning CS0649: Field 'StickManager.stick5' is never assigned to, and will always have its default value null [D:\Luna\pipeline\templates\LunaCompiler\Scripts\Scripts.csproj]
  D:\Projects\GitHub\Color-Hoop-Playable-Ad\Assets\Scripts\UIManager.cs(13,33): warning CS0649: Field 'UIManager.guideHand1' is never assigned to, and will always have its default value null [D:\Luna\pipeline\templates\LunaCompiler\Scripts\Scripts.csproj]
  D:\Projects\GitHub\Color-Hoop-Playable-Ad\Assets\Scripts\SoundManager.cs(9,36): warning CS0649: Field 'SoundManager.audios' is never assigned to, and will always have its default value null [D:\Luna\pipeline\templates\LunaCompiler\Scripts\Scripts.csproj]
  D:\Projects\GitHub\Color-Hoop-Playable-Ad\Assets\Scripts\SoundManager.cs(13,32): warning CS0649: Field 'SoundManager.stickFinish' is never assigned to, and will always have its default value null [D:\Luna\pipeline\templates\LunaCompiler\Scripts\Scripts.csproj]
  D:\Projects\GitHub\Color-Hoop-Playable-Ad\Assets\Scripts\SoundManager.cs(15,32): warning CS0649: Field 'SoundManager.button' is never assigned to, and will always have its default value null [D:\Luna\pipeline\templates\LunaCompiler\Scripts\Scripts.csproj]

  D:\Projects\GitHub\Color-Hoop-Playable-Ad\Assets\Scripts\StickManager.cs(14,33): warning CS0649: Field 'StickManager.stick4' is never assigned to, and will always have its default value null [D:\Luna\pipeline\templates\LunaCompiler\Scripts\Scripts.csproj]
  D:\Projects\GitHub\Color-Hoop-Playable-Ad\Assets\Scripts\SoundManager.cs(12,32): warning CS0649: Field 'SoundManager.hopSelect' is never assigned to, and will always have its default value null [D:\Luna\pipeline\templates\LunaCompiler\Scripts\Scripts.csproj]
  D:\Projects\GitHub\Color-Hoop-Playable-Ad\Assets\Scripts\SoundManager.cs(14,32): warning CS0649: Field 'SoundManager.win' is never assigned to, and will always have its default value null [D:\Luna\pipeline\templates\LunaCompiler\Scripts\Scripts.csproj]
  D:\Projects\GitHub\Color-Hoop-Playable-Ad\Assets\Scripts\SoundManager.cs(11,32): warning CS0649: Field 'SoundManager.hopDrop' is never assigned to, and will always have its default value null [D:\Luna\pipeline\templates\LunaCompiler\Scripts\Scripts.csproj]
  D:\Projects\GitHub\Color-Hoop-Playable-Ad\Assets\Scripts\GameManager.cs(36,32): warning CS0649: Field 'GameManager.uiManager' is never assigned to, and will always have its default value null [D:\Luna\pipeline\templates\LunaCompiler\Scripts\Scripts.csproj]
  D:\Projects\GitHub\Color-Hoop-Playable-Ad\Assets\Scripts\SoundManager.cs(10,32): warning CS0649: Field 'SoundManager.hopFly' is never assigned to, and will always have its default value null [D:\Luna\pipeline\templates\LunaCompiler\Scripts\Scripts.csproj]
  D:\Projects\GitHub\Color-Hoop-Playable-Ad\Assets\Scripts\UIManager.cs(9,34): warning CS0649: Field 'UIManager.manager' is never assigned to, and will always have its default value null [D:\Luna\pipeline\templates\LunaCompiler\Scripts\Scripts.csproj]

  D:\Projects\GitHub\Color-Hoop-Playable-Ad\Assets\Scripts\StickManager.cs(12,37): warning CS0649: Field 'StickManager.victoryEffect' is never assigned to, and will always have its default value null [D:\Luna\pipeline\templates\LunaCompiler\Scripts\Scripts.csproj]
  D:\Projects\GitHub\Color-Hoop-Playable-Ad\Assets\Scripts\UIManager.cs(10,33): warning CS0649: Field 'UIManager.uiGetReward' is never assigned to, and will always have its default value null [D:\Luna\pipeline\templates\LunaCompiler\Scripts\Scripts.csproj]
  D:\Projects\GitHub\Color-Hoop-Playable-Ad\Assets\Scripts\GameManager.cs(37,32): warning CS0649: Field 'GameManager.levelData' is never assigned to, and will always have its default value null [D:\Luna\pipeline\templates\LunaCompiler\Scripts\Scripts.csproj]
  D:\Projects\GitHub\Color-Hoop-Playable-Ad\Assets\Scripts\CountDown.cs(7,32): warning CS0649: Field 'CountDown.uiManager' is never assigned to, and will always have its default value null [D:\Luna\pipeline\templates\LunaCompiler\Scripts\Scripts.csproj]


    18 Warning(s)
    0 Error(s)


Time Elapsed 00:00:09.67

Source code compiled successfully!
[ Stage3 ] Code compiled and bundled successfully.
[ Stage4 ] Target platform: playground
[ Stage4 ] Package bundled successfully
[ Stage4 ] Package uploaded successfully
