Using pre-set license
Built from '2020.3/staging' branch; Version is '2020.3.24f1 (79c78de19888) revision 7980941'; Using compiler version '192528614'; Build Type 'Release'
OS: 'Windows 10  (10.0.18363) 64bit Professional' Language: 'en' Physical Memory: 32646 MB
BatchMode: 1, IsHumanControllingUs: 0, StartBugReporterOnCrash: 0, Is64bit: 1, IsPro: 0

COMMAND LINE ARGUMENTS:
D:\Applications\Editor\2020.3.24f1\Editor\Unity.exe
-adb2
-batchMode
-noUpm
-name
AssetImportWorker0
-projectPath
D:/Studio-Projects/Projects/Github-Projects/Color-Hoop-Playable-Ad
-logFile
Logs/AssetImportWorker0.log
-srvPort
62134
Successfully changed project path to: D:/Studio-Projects/Projects/Github-Projects/Color-Hoop-Playable-Ad
D:/Studio-Projects/Projects/Github-Projects/Color-Hoop-Playable-Ad
Using Asset Import Pipeline V2.
Refreshing native plugins compatible for Editor in 28.93 ms, found 3 plugins.
Preloading 0 native plugins for Editor in 0.00 ms.
Initialize engine version: 2020.3.24f1 (79c78de19888)
[Subsystems] Discovering subsystems at path D:/Applications/Editor/2020.3.24f1/Editor/Data/Resources/UnitySubsystems
[Subsystems] Discovering subsystems at path D:/Studio-Projects/Projects/Github-Projects/Color-Hoop-Playable-Ad/Assets
GfxDevice: creating device client; threaded=0
Direct3D:
    Version:  Direct3D 11.0 [level 11.1]
    Renderer: NVIDIA GeForce RTX 2070 SUPER (ID=0x1e84)
    Vendor:   
    VRAM:     8003 MB
    Driver:   31.0.15.2698
Initialize mono
Mono path[0] = 'D:/Applications/Editor/2020.3.24f1/Editor/Data/Managed'
Mono path[1] = 'D:/Applications/Editor/2020.3.24f1/Editor/Data/MonoBleedingEdge/lib/mono/unityjit'
Mono config path = 'D:/Applications/Editor/2020.3.24f1/Editor/Data/MonoBleedingEdge/etc'
Using monoOptions --debugger-agent=transport=dt_socket,embedding=1,server=y,suspend=n,address=127.0.0.1:56292
Begin MonoManager ReloadAssembly
Registering precompiled unity dll's ...
Register platform support module: D:/Applications/Editor/2020.3.24f1/Editor/Data/PlaybackEngines/WindowsStandaloneSupport/UnityEditor.WindowsStandalone.Extensions.dll
Registered in 0.000568 seconds.
Native extension for WindowsStandalone target not found
Refreshing native plugins compatible for Editor in 27.25 ms, found 3 plugins.
Preloading 0 native plugins for Editor in 0.00 ms.
Mono: successfully reloaded assembly
- Completed reload, in  0.415 seconds
Domain Reload Profiling:
	ReloadAssembly (415ms)
		BeginReloadAssembly (33ms)
			ExecutionOrderSort (0ms)
			DisableScriptedObjects (0ms)
			BackupInstance (0ms)
			ReleaseScriptingObjects (0ms)
			CreateAndSetChildDomain (1ms)
		EndReloadAssembly (333ms)
			LoadAssemblies (33ms)
			RebuildTransferFunctionScriptingTraits (0ms)
			SetupTypeCache (116ms)
			ReleaseScriptCaches (0ms)
			RebuildScriptCaches (22ms)
			SetupLoadedEditorAssemblies (122ms)
				LogAssemblyErrors (0ms)
				InitializePlatformSupportModulesInManaged (3ms)
				SetLoadedEditorAssemblies (0ms)
				RefreshPlugins (27ms)
				BeforeProcessingInitializeOnLoad (12ms)
				ProcessInitializeOnLoadAttributes (59ms)
				ProcessInitializeOnLoadMethodAttributes (21ms)
				AfterProcessingInitializeOnLoad (0ms)
				EditorAssembliesLoaded (0ms)
			ExecutionOrderSort2 (0ms)
			AwakeInstancesAfterBackupRestoration (0ms)
Platform modules already initialized, skipping
Registering precompiled user dll's ...
Registered in 0.001867 seconds.
Begin MonoManager ReloadAssembly
Native extension for WindowsStandalone target not found
Refreshing native plugins compatible for Editor in 0.37 ms, found 3 plugins.
Preloading 0 native plugins for Editor in 0.00 ms.
Mono: successfully reloaded assembly
- Completed reload, in  0.739 seconds
Domain Reload Profiling:
	ReloadAssembly (739ms)
		BeginReloadAssembly (103ms)
			ExecutionOrderSort (0ms)
			DisableScriptedObjects (4ms)
			BackupInstance (0ms)
			ReleaseScriptingObjects (0ms)
			CreateAndSetChildDomain (15ms)
		EndReloadAssembly (595ms)
			LoadAssemblies (58ms)
			RebuildTransferFunctionScriptingTraits (0ms)
			SetupTypeCache (213ms)
			ReleaseScriptCaches (0ms)
			RebuildScriptCaches (33ms)
			SetupLoadedEditorAssemblies (217ms)
				LogAssemblyErrors (0ms)
				InitializePlatformSupportModulesInManaged (3ms)
				SetLoadedEditorAssemblies (0ms)
				RefreshPlugins (0ms)
				BeforeProcessingInitializeOnLoad (58ms)
				ProcessInitializeOnLoadAttributes (147ms)
				ProcessInitializeOnLoadMethodAttributes (7ms)
				AfterProcessingInitializeOnLoad (1ms)
				EditorAssembliesLoaded (0ms)
			ExecutionOrderSort2 (0ms)
			AwakeInstancesAfterBackupRestoration (5ms)
Platform modules already initialized, skipping
========================================================================
Worker process is ready to serve import requests
Launched and connected shader compiler UnityShaderCompiler.exe after 0.02 seconds
Refreshing native plugins compatible for Editor in 0.53 ms, found 3 plugins.
Preloading 0 native plugins for Editor in 0.00 ms.
Unloading 1779 Unused Serialized files (Serialized files now loaded: 0)
System memory in use before: 78.6 MB.
System memory in use after: 78.7 MB.

Unloading 24 unused Assets to reduce memory usage. Loaded Objects now: 2211.
Total: 2.390900 ms (FindLiveObjects: 0.258000 ms CreateObjectMapping: 0.098100 ms MarkObjects: 1.975000 ms  DeleteObjects: 0.058900 ms)

AssetImportParameters requested are different than current active one (requested -> active):
  custom:framework-win-MediaFoundation: 216162199b28c13a410421893ffa2e32 -> 
  custom:video-decoder-ogg-theora: a1e56fd34408186e4bbccfd4996cb3dc -> 
  custom:container-muxer-webm: aa71ff27fc2769a1b78a27578f13a17b -> 
  custom:container-demuxer-webm: 4f35f7cbe854078d1ac9338744f61a02 -> 
  custom:container-demuxer-ogg: 62fdf1f143b41e24485cea50d1cbac27 -> 
  custom:video-encoder-webm-vp8: eb34c28f22e8b96e1ab97ce403110664 -> 
  custom:video-decoder-webm-vp8: 9c59270c3fd7afecdb556c50c9e8de78 -> 
  custom:audio-decoder-ogg-vorbis: bf7c407c2cedff20999df2af8eb42d56 -> 
  custom:audio-encoder-webm-vorbis: bf7c407c2cedff20999df2af8eb42d56 -> 
========================================================================
Received Import Request.
  path: Assets/Container.fbx
  artifactKey: Guid(68450a6dcb967ff48849a113cb92453d) Importer(815301076,1909f56bfc062723c751e8b465ee728b)
Start importing Assets/Container.fbx using Guid(68450a6dcb967ff48849a113cb92453d) Importer(815301076,1909f56bfc062723c751e8b465ee728b)  -> (artifact id: 'db08b873913f147b49d465855487694b') in 0.512936 seconds 
  Import took 0.515354 seconds .

========================================================================
Received Import Request.
  Time since last request: 0.000115 seconds.
  path: Assets/hoop.fbx
  artifactKey: Guid(bbc9b325caf0f484390c6260a650c4a5) Importer(815301076,1909f56bfc062723c751e8b465ee728b)
Start importing Assets/hoop.fbx using Guid(bbc9b325caf0f484390c6260a650c4a5) Importer(815301076,1909f56bfc062723c751e8b465ee728b)  -> (artifact id: '8f30219c4f1f5c36bea785b73c512c7c') in 0.011980 seconds 
  Import took 0.014037 seconds .

========================================================================
Received Import Request.
  Time since last request: 0.000141 seconds.
  path: Assets/SVC_Luna.asset
  artifactKey: Guid(1742f31dea76a8b4abf038b50b0d77b4) Importer(815301076,1909f56bfc062723c751e8b465ee728b)
Start importing Assets/SVC_Luna.asset using Guid(1742f31dea76a8b4abf038b50b0d77b4) Importer(815301076,1909f56bfc062723c751e8b465ee728b)  -> (artifact id: '3d0152ef50b5dee99b43cf609adb1c11') in 0.003875 seconds 
  Import took 0.006086 seconds .

========================================================================
Received Import Request.
  Time since last request: 2.324903 seconds.
  path: Assets/Scenes
  artifactKey: Guid(372da2f2f13c1f744b93bce3593110ec) Importer(815301076,1909f56bfc062723c751e8b465ee728b)
Start importing Assets/Scenes using Guid(372da2f2f13c1f744b93bce3593110ec) Importer(815301076,1909f56bfc062723c751e8b465ee728b)  -> (artifact id: 'bbdf91d22198139fddc04afd9c179051') in 0.000727 seconds 
  Import took 0.002784 seconds .

========================================================================
Received Import Request.
  Time since last request: 1.066130 seconds.
  path: Assets/Scenes/Game.unity
  artifactKey: Guid(9fc0d4010bbf28b4594072e72b8655ab) Importer(815301076,1909f56bfc062723c751e8b465ee728b)
Start importing Assets/Scenes/Game.unity using Guid(9fc0d4010bbf28b4594072e72b8655ab) Importer(815301076,1909f56bfc062723c751e8b465ee728b)  -> (artifact id: '95850a06f24d4352782fc937ad4adba0') in 0.001069 seconds 
  Import took 0.003328 seconds .

========================================================================
Received Prepare
Registering precompiled user dll's ...
Registered in 0.001837 seconds.
Begin MonoManager ReloadAssembly
Native extension for WindowsStandalone target not found
Refreshing native plugins compatible for Editor in 0.40 ms, found 3 plugins.
Preloading 0 native plugins for Editor in 0.00 ms.
Mono: successfully reloaded assembly
- Completed reload, in  0.695 seconds
Domain Reload Profiling:
	ReloadAssembly (696ms)
		BeginReloadAssembly (79ms)
			ExecutionOrderSort (0ms)
			DisableScriptedObjects (3ms)
			BackupInstance (0ms)
			ReleaseScriptingObjects (0ms)
			CreateAndSetChildDomain (27ms)
		EndReloadAssembly (575ms)
			LoadAssemblies (59ms)
			RebuildTransferFunctionScriptingTraits (0ms)
			SetupTypeCache (211ms)
			ReleaseScriptCaches (1ms)
			RebuildScriptCaches (29ms)
			SetupLoadedEditorAssemblies (201ms)
				LogAssemblyErrors (0ms)
				InitializePlatformSupportModulesInManaged (3ms)
				SetLoadedEditorAssemblies (0ms)
				RefreshPlugins (0ms)
				BeforeProcessingInitializeOnLoad (53ms)
				ProcessInitializeOnLoadAttributes (135ms)
				ProcessInitializeOnLoadMethodAttributes (6ms)
				AfterProcessingInitializeOnLoad (1ms)
				EditorAssembliesLoaded (0ms)
			ExecutionOrderSort2 (0ms)
			AwakeInstancesAfterBackupRestoration (5ms)
Platform modules already initialized, skipping
Refreshing native plugins compatible for Editor in 0.41 ms, found 3 plugins.
Preloading 0 native plugins for Editor in 0.00 ms.
Unloading 1760 Unused Serialized files (Serialized files now loaded: 0)
System memory in use before: 80.7 MB.
System memory in use after: 80.8 MB.

Unloading 19 unused Assets to reduce memory usage. Loaded Objects now: 2256.
Total: 2.097000 ms (FindLiveObjects: 0.180000 ms CreateObjectMapping: 0.064600 ms MarkObjects: 1.838100 ms  DeleteObjects: 0.013700 ms)

AssetImportParameters requested are different than current active one (requested -> active):
  custom:framework-win-MediaFoundation: 216162199b28c13a410421893ffa2e32 -> 
  custom:video-decoder-ogg-theora: a1e56fd34408186e4bbccfd4996cb3dc -> 
  custom:container-muxer-webm: aa71ff27fc2769a1b78a27578f13a17b -> 
  custom:container-demuxer-webm: 4f35f7cbe854078d1ac9338744f61a02 -> 
  custom:container-demuxer-ogg: 62fdf1f143b41e24485cea50d1cbac27 -> 
  custom:video-encoder-webm-vp8: eb34c28f22e8b96e1ab97ce403110664 -> 
  custom:video-decoder-webm-vp8: 9c59270c3fd7afecdb556c50c9e8de78 -> 
  custom:audio-decoder-ogg-vorbis: bf7c407c2cedff20999df2af8eb42d56 -> 
  custom:audio-encoder-webm-vorbis: bf7c407c2cedff20999df2af8eb42d56 -> 
========================================================================
Received Prepare
Registering precompiled user dll's ...
Registered in 0.002413 seconds.
Begin MonoManager ReloadAssembly
Native extension for WindowsStandalone target not found
Refreshing native plugins compatible for Editor in 0.37 ms, found 3 plugins.
Preloading 0 native plugins for Editor in 0.00 ms.
Mono: successfully reloaded assembly
- Completed reload, in  0.706 seconds
Domain Reload Profiling:
	ReloadAssembly (706ms)
		BeginReloadAssembly (77ms)
			ExecutionOrderSort (0ms)
			DisableScriptedObjects (4ms)
			BackupInstance (0ms)
			ReleaseScriptingObjects (0ms)
			CreateAndSetChildDomain (27ms)
		EndReloadAssembly (588ms)
			LoadAssemblies (56ms)
			RebuildTransferFunctionScriptingTraits (0ms)
			SetupTypeCache (212ms)
			ReleaseScriptCaches (1ms)
			RebuildScriptCaches (29ms)
			SetupLoadedEditorAssemblies (211ms)
				LogAssemblyErrors (0ms)
				InitializePlatformSupportModulesInManaged (3ms)
				SetLoadedEditorAssemblies (0ms)
				RefreshPlugins (0ms)
				BeforeProcessingInitializeOnLoad (57ms)
				ProcessInitializeOnLoadAttributes (142ms)
				ProcessInitializeOnLoadMethodAttributes (6ms)
				AfterProcessingInitializeOnLoad (1ms)
				EditorAssembliesLoaded (0ms)
			ExecutionOrderSort2 (0ms)
			AwakeInstancesAfterBackupRestoration (5ms)
Platform modules already initialized, skipping
Switching build target platform(19) subTarget(0) extendedPlatform(0) -> platform(13) subTarget(537395200) extendedPlatform(0)
Refreshing native plugins compatible for Editor in 0.38 ms, found 3 plugins.
Preloading 0 native plugins for Editor in 0.00 ms.
Unloading 1764 Unused Serialized files (Serialized files now loaded: 0)
System memory in use before: 80.6 MB.
System memory in use after: 80.7 MB.

Unloading 19 unused Assets to reduce memory usage. Loaded Objects now: 2258.
Total: 2.695000 ms (FindLiveObjects: 0.190300 ms CreateObjectMapping: 0.077000 ms MarkObjects: 2.399500 ms  DeleteObjects: 0.026600 ms)

AssetImportParameters requested are different than current active one (requested -> active):
  custom:framework-win-MediaFoundation: 216162199b28c13a410421893ffa2e32 -> 
  custom:video-decoder-ogg-theora: a1e56fd34408186e4bbccfd4996cb3dc -> 
  custom:container-muxer-webm: aa71ff27fc2769a1b78a27578f13a17b -> 
  custom:container-demuxer-webm: 4f35f7cbe854078d1ac9338744f61a02 -> 
  custom:container-demuxer-ogg: 62fdf1f143b41e24485cea50d1cbac27 -> 
  custom:video-encoder-webm-vp8: eb34c28f22e8b96e1ab97ce403110664 -> 
  custom:video-decoder-webm-vp8: 9c59270c3fd7afecdb556c50c9e8de78 -> 
  custom:graphics/normal-map-encoding: 01000000000000000000000000000000 -> 02000000000000000000000000000000
  custom:audio-decoder-ogg-vorbis: bf7c407c2cedff20999df2af8eb42d56 -> 
  custom:audio-encoder-webm-vorbis: bf7c407c2cedff20999df2af8eb42d56 -> 
========================================================================
Received Prepare
Refreshing native plugins compatible for Editor in 3.37 ms, found 3 plugins.
Preloading 0 native plugins for Editor in 0.00 ms.
Unloading 17 Unused Serialized files (Serialized files now loaded: 0)
System memory in use before: 46.1 MB.
System memory in use after: 46.2 MB.

Unloading 17 unused Assets to reduce memory usage. Loaded Objects now: 2258.
Total: 2.236400 ms (FindLiveObjects: 0.163300 ms CreateObjectMapping: 0.056700 ms MarkObjects: 2.002900 ms  DeleteObjects: 0.013200 ms)

AssetImportParameters requested are different than current active one (requested -> active):
  custom:framework-win-MediaFoundation: 216162199b28c13a410421893ffa2e32 -> 
  custom:video-decoder-ogg-theora: a1e56fd34408186e4bbccfd4996cb3dc -> 
  custom:container-muxer-webm: aa71ff27fc2769a1b78a27578f13a17b -> 
  custom:container-demuxer-webm: 4f35f7cbe854078d1ac9338744f61a02 -> 
  custom:container-demuxer-ogg: 62fdf1f143b41e24485cea50d1cbac27 -> 
  custom:video-encoder-webm-vp8: eb34c28f22e8b96e1ab97ce403110664 -> 
  custom:video-decoder-webm-vp8: 9c59270c3fd7afecdb556c50c9e8de78 -> 
  custom:audio-decoder-ogg-vorbis: bf7c407c2cedff20999df2af8eb42d56 -> 
  custom:audio-encoder-webm-vorbis: bf7c407c2cedff20999df2af8eb42d56 -> 
========================================================================
Received Prepare
Refreshing native plugins compatible for Editor in 2.08 ms, found 3 plugins.
Preloading 0 native plugins for Editor in 0.00 ms.
Unloading 17 Unused Serialized files (Serialized files now loaded: 0)
System memory in use before: 46.1 MB.
System memory in use after: 46.2 MB.

Unloading 17 unused Assets to reduce memory usage. Loaded Objects now: 2258.
Total: 2.399300 ms (FindLiveObjects: 0.154500 ms CreateObjectMapping: 0.051700 ms MarkObjects: 2.181000 ms  DeleteObjects: 0.011500 ms)

AssetImportParameters requested are different than current active one (requested -> active):
  custom:framework-win-MediaFoundation: 216162199b28c13a410421893ffa2e32 -> 
  custom:video-decoder-ogg-theora: a1e56fd34408186e4bbccfd4996cb3dc -> 
  custom:container-muxer-webm: aa71ff27fc2769a1b78a27578f13a17b -> 
  custom:container-demuxer-webm: 4f35f7cbe854078d1ac9338744f61a02 -> 
  custom:container-demuxer-ogg: 62fdf1f143b41e24485cea50d1cbac27 -> 
  custom:video-encoder-webm-vp8: eb34c28f22e8b96e1ab97ce403110664 -> 
  custom:video-decoder-webm-vp8: 9c59270c3fd7afecdb556c50c9e8de78 -> 
  custom:audio-decoder-ogg-vorbis: bf7c407c2cedff20999df2af8eb42d56 -> 
  custom:audio-encoder-webm-vorbis: bf7c407c2cedff20999df2af8eb42d56 -> 
========================================================================
Received Import Request.
  Time since last request: 574.426851 seconds.
  path: Assets/Audios
  artifactKey: Guid(1d4b57e7b34f4e3409ab782278f564db) Importer(815301076,1909f56bfc062723c751e8b465ee728b)
Start importing Assets/Audios using Guid(1d4b57e7b34f4e3409ab782278f564db) Importer(815301076,1909f56bfc062723c751e8b465ee728b)  -> (artifact id: '7b7ef808abdb42efe074547d55d95f77') in 0.001772 seconds 
  Import took 0.004638 seconds .

========================================================================
Received Import Request.
  Time since last request: 0.054496 seconds.
  path: Assets/Audios/Button.wav
  artifactKey: Guid(0d6176c261c7f234ea0282edafdf5e24) Importer(815301076,1909f56bfc062723c751e8b465ee728b)
Start importing Assets/Audios/Button.wav using Guid(0d6176c261c7f234ea0282edafdf5e24) Importer(815301076,1909f56bfc062723c751e8b465ee728b)  -> (artifact id: '6c96dd42e54b24d50c912a771330eda4') in 0.816199 seconds 
  Import took 0.819619 seconds .

========================================================================
Received Import Request.
  Time since last request: 0.000118 seconds.
  path: Assets/Audios/HoopDrop.wav
  artifactKey: Guid(cf601b5e8c1418d488b5438e4ac67c8f) Importer(815301076,1909f56bfc062723c751e8b465ee728b)
Start importing Assets/Audios/HoopDrop.wav using Guid(cf601b5e8c1418d488b5438e4ac67c8f) Importer(815301076,1909f56bfc062723c751e8b465ee728b)  -> (artifact id: 'c202787d56e6e68c077560e98ac21a56') in 0.013224 seconds 
  Import took 0.015544 seconds .

========================================================================
Received Import Request.
  Time since last request: 0.000124 seconds.
  path: Assets/Audios/Win.wav
  artifactKey: Guid(f712d57713e205a4fa4b2ae6629f7469) Importer(815301076,1909f56bfc062723c751e8b465ee728b)
Start importing Assets/Audios/Win.wav using Guid(f712d57713e205a4fa4b2ae6629f7469) Importer(815301076,1909f56bfc062723c751e8b465ee728b)  -> (artifact id: '7f9a4b7e81f4cb298f773da835847aaa') in 0.012122 seconds 
  Import took 0.014343 seconds .

========================================================================
Received Import Request.
  Time since last request: 0.000144 seconds.
  path: Assets/Audios/HoopFly.wav
  artifactKey: Guid(08f572ca19d61e94795cbff84cb4bbdb) Importer(815301076,1909f56bfc062723c751e8b465ee728b)
Start importing Assets/Audios/HoopFly.wav using Guid(08f572ca19d61e94795cbff84cb4bbdb) Importer(815301076,1909f56bfc062723c751e8b465ee728b)  -> (artifact id: 'd476d804f25ef872938ead96de983ab2') in 0.005386 seconds 
  Import took 0.007670 seconds .

========================================================================
Received Import Request.
  Time since last request: 0.000133 seconds.
  path: Assets/Audios/HoopSelect.wav
  artifactKey: Guid(bc3933091f6acce4dbbd0536c75ced45) Importer(815301076,1909f56bfc062723c751e8b465ee728b)
Start importing Assets/Audios/HoopSelect.wav using Guid(bc3933091f6acce4dbbd0536c75ced45) Importer(815301076,1909f56bfc062723c751e8b465ee728b)  -> (artifact id: 'c627d7d4691e5673bffea780b2646498') in 0.009206 seconds 
  Import took 0.011402 seconds .

========================================================================
Received Import Request.
  Time since last request: 0.000148 seconds.
  path: Assets/Audios/ContainerFinish.wav
  artifactKey: Guid(a824f2aaee9b26f4f9712b3633f11885) Importer(815301076,1909f56bfc062723c751e8b465ee728b)
Start importing Assets/Audios/ContainerFinish.wav using Guid(a824f2aaee9b26f4f9712b3633f11885) Importer(815301076,1909f56bfc062723c751e8b465ee728b)  -> (artifact id: '4f25282d290f1ea0eb3c7001a98584f0') in 0.005760 seconds 
  Import took 0.008036 seconds .

========================================================================
Received Import Request.
  Time since last request: 0.000117 seconds.
  path: Assets/Audios/Pop-01-jelly.wav
  artifactKey: Guid(deca642df78495c48a99a9acff195b74) Importer(815301076,1909f56bfc062723c751e8b465ee728b)
Start importing Assets/Audios/Pop-01-jelly.wav using Guid(deca642df78495c48a99a9acff195b74) Importer(815301076,1909f56bfc062723c751e8b465ee728b)  -> (artifact id: 'a91c5be3892425d03aeded2d1c753cfc') in 0.009237 seconds 
  Import took 0.011491 seconds .

========================================================================
Received Import Request.
  Time since last request: 0.000134 seconds.
  path: Assets/Audios/tea star party cut.mp3
  artifactKey: Guid(9de72c2afd32c3448b81070d6c43159a) Importer(815301076,1909f56bfc062723c751e8b465ee728b)
Start importing Assets/Audios/tea star party cut.mp3 using Guid(9de72c2afd32c3448b81070d6c43159a) Importer(815301076,1909f56bfc062723c751e8b465ee728b)  -> (artifact id: 'b53d4def20503e5675f4e6d45042d6a9') in 0.007420 seconds 
  Import took 0.009753 seconds .

========================================================================
Received Import Request.
  Time since last request: 0.000111 seconds.
  path: Assets/Audios/Pop-02-jelly.wav
  artifactKey: Guid(51afc3e01f4f04a4c9f614d62c7b2eff) Importer(815301076,1909f56bfc062723c751e8b465ee728b)
Start importing Assets/Audios/Pop-02-jelly.wav using Guid(51afc3e01f4f04a4c9f614d62c7b2eff) Importer(815301076,1909f56bfc062723c751e8b465ee728b)  -> (artifact id: '1a297676e902ba38c885e3f22914ab5e') in 0.007867 seconds 
  Import took 0.010287 seconds .

========================================================================
Received Import Request.
  Time since last request: 0.000135 seconds.
  path: Assets/Audios/One-Bright-Day-BG.mp3
  artifactKey: Guid(8045185db3418b4409a924ca40cf853f) Importer(815301076,1909f56bfc062723c751e8b465ee728b)
Start importing Assets/Audios/One-Bright-Day-BG.mp3 using Guid(8045185db3418b4409a924ca40cf853f) Importer(815301076,1909f56bfc062723c751e8b465ee728b)  -> (artifact id: '7d4d3d865a8025ad612c7f29787597c4') in 0.007692 seconds 
  Import took 0.009925 seconds .

